<<<<<<< HEAD
0 info it worked if it ends with ok
1 verbose cli [ 'E:\\workspace\\nodejs\\node.exe',
1 verbose cli   'E:\\workspace\\nodejs\\node_modules\\npm\\bin\\npm-cli.js',
1 verbose cli   'run',
1 verbose cli   'dev' ]
2 info using npm@3.10.3
3 info using node@v6.6.0
4 verbose stack Error: missing script: dev
4 verbose stack     at run (E:\workspace\nodejs\node_modules\npm\lib\run-script.js:151:19)
4 verbose stack     at E:\workspace\nodejs\node_modules\npm\lib\run-script.js:61:5
4 verbose stack     at E:\workspace\nodejs\node_modules\npm\node_modules\read-package-json\read-json.js:356:5
4 verbose stack     at checkBinReferences_ (E:\workspace\nodejs\node_modules\npm\node_modules\read-package-json\read-json.js:320:45)
4 verbose stack     at final (E:\workspace\nodejs\node_modules\npm\node_modules\read-package-json\read-json.js:354:3)
4 verbose stack     at then (E:\workspace\nodejs\node_modules\npm\node_modules\read-package-json\read-json.js:124:5)
4 verbose stack     at ReadFileContext.<anonymous> (E:\workspace\nodejs\node_modules\npm\node_modules\read-package-json\read-json.js:295:20)
4 verbose stack     at ReadFileContext.callback (E:\workspace\nodejs\node_modules\npm\node_modules\graceful-fs\graceful-fs.js:78:16)
4 verbose stack     at FSReqWrap.readFileAfterOpen [as oncomplete] (fs.js:365:13)
5 verbose cwd E:\Digital-baseball_PC
6 error Windows_NT 6.1.7601
7 error argv "E:\\workspace\\nodejs\\node.exe" "E:\\workspace\\nodejs\\node_modules\\npm\\bin\\npm-cli.js" "run" "dev"
8 error node v6.6.0
9 error npm  v3.10.3
10 error missing script: dev
11 error If you need help, you may report this error at:
11 error     <https://github.com/npm/npm/issues>
12 verbose exit [ 1, true ]
=======
0 info it worked if it ends with ok
1 verbose cli [ 'E:\\workspace\\nodejs\\node.exe',
1 verbose cli   'E:\\workspace\\nodejs\\node_modules\\npm\\bin\\npm-cli.js',
1 verbose cli   'run',
1 verbose cli   'dev' ]
2 info using npm@3.10.3
3 info using node@v6.6.0
4 verbose stack Error: missing script: dev
4 verbose stack     at run (E:\workspace\nodejs\node_modules\npm\lib\run-script.js:151:19)
4 verbose stack     at E:\workspace\nodejs\node_modules\npm\lib\run-script.js:61:5
4 verbose stack     at E:\workspace\nodejs\node_modules\npm\node_modules\read-package-json\read-json.js:356:5
4 verbose stack     at checkBinReferences_ (E:\workspace\nodejs\node_modules\npm\node_modules\read-package-json\read-json.js:320:45)
4 verbose stack     at final (E:\workspace\nodejs\node_modules\npm\node_modules\read-package-json\read-json.js:354:3)
4 verbose stack     at then (E:\workspace\nodejs\node_modules\npm\node_modules\read-package-json\read-json.js:124:5)
4 verbose stack     at ReadFileContext.<anonymous> (E:\workspace\nodejs\node_modules\npm\node_modules\read-package-json\read-json.js:295:20)
4 verbose stack     at ReadFileContext.callback (E:\workspace\nodejs\node_modules\npm\node_modules\graceful-fs\graceful-fs.js:78:16)
4 verbose stack     at FSReqWrap.readFileAfterOpen [as oncomplete] (fs.js:365:13)
5 verbose cwd E:\Digital-baseball_PC
6 error Windows_NT 6.1.7601
7 error argv "E:\\workspace\\nodejs\\node.exe" "E:\\workspace\\nodejs\\node_modules\\npm\\bin\\npm-cli.js" "run" "dev"
8 error node v6.6.0
9 error npm  v3.10.3
10 error missing script: dev
11 error If you need help, you may report this error at:
11 error     <https://github.com/npm/npm/issues>
12 verbose exit [ 1, true ]
>>>>>>> 0e3baedc3bb243afac48c9c5113aab1fd5338004
